[INFO] 20:02:28:230 tp0/(4431:4431): Hola! Soy un log
[INFO] 20:12:39:603 tp0/(4605:4605): Hola! Soy un log
[INFO] 20:14:43:049 tp0/(4668:4668): Hola! Soy un log
[INFO] 20:14:43:050 tp0/(4668:4668): valor
[INFO] 20:25:36:282 tp0/(4847:4847): Hola! Soy un log
[INFO] 20:25:36:329 tp0/(4847:4847): valor
[INFO] 20:32:25:960 tp0/(4964:4964): Hola! Soy un log
[INFO] 20:32:26:180 tp0/(4964:4964): valor
[INFO] 20:38:37:234 tp0/(5065:5065): Hola! Soy un log
[INFO] 20:38:37:618 tp0/(5065:5065): valor
[INFO] 20:38:52:113 tp0/(5065:5065): ho
[INFO] 20:38:58:942 tp0/(5065:5065): ja
[INFO] 20:39:10:884 tp0/(5065:5065): hache
[INFO] 20:39:21:637 tp0/(5065:5065): de
[INFO] 20:41:21:565 tp0/(5130:5130): Hola! Soy un log
[INFO] 20:41:21:566 tp0/(5130:5130): valor
[INFO] 20:41:26:378 tp0/(5130:5130): amarillo
[INFO] 20:41:30:002 tp0/(5130:5130): azul
[INFO] 20:22:08:215 tp0/(11887:11887): Hola! Soy un log
[INFO] 20:22:08:283 tp0/(11887:11887): valor
[INFO] 20:27:08:323 tp0/(12012:12012): Hola! Soy un log
[INFO] 20:27:08:340 tp0/(12012:12012): valor
[INFO] 20:27:11:995 tp0/(12012:12012): HOLA
[INFO] 20:27:16:550 tp0/(12012:12012): CHAU
[INFO] 20:27:21:112 tp0/(12012:12012): MMM
[INFO] 00:08:36:334 tp0/(7470:7470): Hola! Soy un log
[INFO] 00:08:36:385 tp0/(7470:7470): valor
[INFO] 00:10:21:656 tp0/(7470:7470): hola
[INFO] 00:10:23:667 tp0/(7470:7470): chau
[INFO] 00:21:03:630 tp0/(7643:7643): Hola! Soy un log
[INFO] 00:21:03:695 tp0/(7643:7643): valor
[INFO] 00:21:24:935 tp0/(7643:7643): hola
[INFO] 00:21:29:911 tp0/(7643:7643): que
[INFO] 00:21:33:039 tp0/(7643:7643): .
[INFO] 00:35:30:749 tp0/(7890:7890): Hola! Soy un log
[INFO] 00:35:30:792 tp0/(7890:7890): valor
[INFO] 00:35:46:430 tp0/(7890:7890): hola
[INFO] 00:44:51:360 tp0/(8144:8144): Hola! Soy un log
[INFO] 00:44:51:480 tp0/(8144:8144): valor
[INFO] 00:45:28:327 tp0/(8144:8144): hola
[INFO] 01:02:18:028 tp0/(8713:8713): Hola! Soy un log
[INFO] 01:02:18:056 tp0/(8713:8713): valor
[INFO] 01:02:28:481 tp0/(8713:8713): hola
[INFO] 01:05:23:776 tp0/(8790:8790): Hola! Soy un log
[INFO] 01:05:23:780 tp0/(8790:8790): valor
[INFO] 01:05:37:175 tp0/(8790:8790): holis
[INFO] 11:39:43:422 tp0/(5249:5249): Hola! Soy un log
[INFO] 11:39:43:460 tp0/(5249:5249): valor
[INFO] 11:39:57:067 tp0/(5249:5249): hola
[INFO] 11:40:19:057 tp0/(5249:5249): como estas
[INFO] 11:40:24:050 tp0/(5249:5249): chau
[INFO] 11:46:39:542 tp0/(5524:5524): Hola! Soy un log
[INFO] 11:46:39:544 tp0/(5524:5524): valor
[INFO] 12:05:48:733 tp0/(6353:6353): Hola! Soy un log
[INFO] 12:05:48:772 tp0/(6353:6353): valor
[INFO] 15:04:40:229 tp0/(7734:7734): Hola! Soy un log
[INFO] 15:04:40:270 tp0/(7734:7734): valor
